Arguments: 
  /usr/local/bin/node /usr/bin/yarn

PATH: 
  /home/canarionjl/.vscode-server/bin/704ed70d4fd1c6bd6342c436f1ede30d1cff4710/bin/remote-cli:/home/canarionjl/.local/share/solana/install/active_release/bin:/home/canarionjl/.cargo/bin:/usr/local/sbin:/usr/local/bin:/usr/sbin:/usr/bin:/sbin:/bin:/usr/games:/usr/local/games:/usr/lib/wsl/lib:/mnt/c/Program Files (x86)/VMware/VMware Player/bin/:/mnt/c/Program Files/Common Files/Oracle/Java/javapath:/mnt/c/Program Files (x86)/Common Files/Oracle/Java/javapath:/mnt/c/ProgramData/Oracle/Java/javapath:/mnt/c/Windows/system32:/mnt/c/Windows:/mnt/c/Windows/System32/Wbem:/mnt/c/Windows/System32/WindowsPowerShell/v1.0/:/mnt/c/Windows/System32/OpenSSH/:/mnt/c/Program Files (x86)/NVIDIA Corporation/PhysX/Common:/mnt/c/Program Files/NVIDIA Corporation/NVIDIA NvDLISR:/mnt/c/Program Files/Intel/WiFi/bin/:/mnt/c/Program Files/Common Files/Intel/WirelessCommon/:/mnt/c/WINDOWS/system32:/mnt/c/WINDOWS:/mnt/c/WINDOWS/System32/Wbem:/mnt/c/WINDOWS/System32/WindowsPowerShell/v1.0/:/mnt/c/WINDOWS/System32/OpenSSH/:/mnt/c/MinGW/bin:/mnt/c/MinGW:/mnt/c/Program Files/Java/jdk-14.0.1/bin:/mnt/c/Program Files/dotnet/:/mnt/c/Program Files/AutoFirma/AutoFirma:/mnt/c/Program Files/WireGuard/:/mnt/c/xampp/php:/mnt/c/ProgramData/ComposerSetup/bin:/mnt/c/ProgramData/chocolatey/bin:/mnt/c/Program Files (x86)/dotnet/:/mnt/c/Program Files/MATLAB/R2022b/runtime/win64:/mnt/c/Program Files/MATLAB/R2022b/bin:/mnt/c/Program Files/PuTTY/:/mnt/c/Program Files/Calibre2/:/mnt/c/Users/canar/.cargo/bin:/mnt/c/Users/canar/AppData/Local/Programs/Python/Python310/Scripts/:/mnt/c/Users/canar/AppData/Local/Programs/Python/Python310/:/mnt/c/Users/canar/AppData/Local/Microsoft/WindowsApps:/mnt/c/Modeltech_pe_edu_10.4a/win32pe_edu:/mnt/c/Users/canar/AppData/Roaming/Composer/vendor/bin:/mnt/c/Program Files/JetBrains/PhpStorm 2022.2.2/bin:/mnt/c/Users/canar/AppData/Local/atom/bin:/mnt/c/Users/canar/AppData/Local/Microsoft/WindowsApps:/mnt/c/Users/canar/AppData/Local/Programs/Microsoft VS Code/bin:/snap/bin:/home/canarionjl/.avm/bin:/home/canarionjl/.avm/bin

Yarn version: 
  1.22.19

Node version: 
  16.0.0

Platform: 
  linux x64

Trace: 
  Error: https://registry.yarnpkg.com/@project-serum%2fanchor: ETIMEDOUT
      at Timeout._onTimeout (/usr/lib/node_modules/yarn/lib/cli.js:141550:19)
      at listOnTimeout (node:internal/timers:557:17)
      at processTimers (node:internal/timers:500:7)

npm manifest: 
  {
      "scripts": {
          "lint:fix": "prettier */*.js \"*/**/*{.js,.ts}\" -w",
          "lint": "prettier */*.js \"*/**/*{.js,.ts}\" --check"
      },
      "dependencies": {
          "@project-serum/anchor": "^0.25.0"
      },
      "devDependencies": {
          "chai": "^4.3.4",
          "mocha": "^9.0.3",
          "ts-mocha": "^10.0.0",
          "@types/bn.js": "^5.1.0",
          "@types/chai": "^4.3.0",
          "@types/mocha": "^9.0.0",
          "typescript": "^4.3.5",
          "prettier": "^2.6.2"
      }
  }

yarn manifest: 
  No manifest

Lockfile: 
  No lockfile
